#-----------------------------------------------------------
# Webtalk v2016.2 (64-bit)
# SW Build 1577090 on Thu Jun  2 16:32:40 MDT 2016
# 
# Start of session at: Wed Jan 31 21:07:25 2018
# Process ID: 18624
# Current directory: J:/CDMA_BRAM/CDMA_DBRAM_DRAM/CDMA_BRAM/CDMA_BRAM.sdk/webtalk
# Command line: wbtcv.exe -mode batch -source sdk_webtalk.tcl
# Log file: J:/CDMA_BRAM/CDMA_DBRAM_DRAM/CDMA_BRAM/CDMA_BRAM.sdk/webtalk/webtalk.log
# Journal file: J:/CDMA_BRAM/CDMA_DBRAM_DRAM/CDMA_BRAM/CDMA_BRAM.sdk/webtalk\webtalk.jou
#-----------------------------------------------------------
source sdk_webtalk.tcl
# webtalk_init -webtalk_dir J:\\CDMA_BRAM\\CDMA_DBRAM_DRAM\\CDMA_BRAM\\CDMA_BRAM.sdk\\webtalk
# webtalk_register_client -client project
# webtalk_add_data -client project -key date_generated -value "星期三 一月 31 21:07:22 2018" -context "software_version_and_target_device"
# webtalk_add_data -client project -key product_version -value "SDK v2016.2" -context "software_version_and_target_device"
# webtalk_add_data -client project -key build_version -value "2016.2" -context "software_version_and_target_device"
# webtalk_add_data -client project -key os_platform -value "amd64" -context "software_version_and_target_device"
# webtalk_add_data -client project -key registration_id -value "" -context "software_version_and_target_device"
# webtalk_add_data -client project -key tool_flow -value "SDK" -context "software_version_and_target_device"
# webtalk_add_data -client project -key beta -value "false" -context "software_version_and_target_device"
# webtalk_add_data -client project -key route_design -value "NA" -context "software_version_and_target_device"
# webtalk_add_data -client project -key target_family -value "NA" -context "software_version_and_target_device"
# webtalk_add_data -client project -key target_device -value "NA" -context "software_version_and_target_device"
# webtalk_add_data -client project -key target_package -value "NA" -context "software_version_and_target_device"
# webtalk_add_data -client project -key target_speed -value "NA" -context "software_version_and_target_device"
# webtalk_add_data -client project -key random_id -value "humtgqieidsa4p8tnbqlej80l0" -context "software_version_and_target_device"
# webtalk_add_data -client project -key project_id -value "2016.2_24" -context "software_version_and_target_device"
# webtalk_add_data -client project -key project_iteration -value "24" -context "software_version_and_target_device"
# webtalk_add_data -client project -key os_name -value "" -context "user_environment"
# webtalk_add_data -client project -key os_release -value "" -context "user_environment"
# webtalk_add_data -client project -key cpu_name -value "" -context "user_environment"
# webtalk_add_data -client project -key cpu_speed -value "" -context "user_environment"
# webtalk_add_data -client project -key total_processors -value "" -context "user_environment"
# webtalk_add_data -client project -key system_ram -value "" -context "user_environment"
# webtalk_register_client -client sdk
# webtalk_add_data -client sdk -key uid -value "1517385510714" -context "sdk\\\\hardware/1517385510714"
# webtalk_add_data -client sdk -key isZynq -value "true" -context "sdk\\\\hardware/1517385510714"
# webtalk_add_data -client sdk -key Processors -value "2" -context "sdk\\\\hardware/1517385510714"
# webtalk_add_data -client sdk -key VivadoVersion -value "2016.2" -context "sdk\\\\hardware/1517385510714"
# webtalk_add_data -client sdk -key Arch -value "zynq" -context "sdk\\\\hardware/1517385510714"
# webtalk_add_data -client sdk -key Device -value "7z045" -context "sdk\\\\hardware/1517385510714"
# webtalk_add_data -client sdk -key IsHandoff -value "true" -context "sdk\\\\hardware/1517385510714"
# webtalk_add_data -client sdk -key uid -value "1517385599614" -context "sdk\\\\bsp/1517385599614"
# webtalk_add_data -client sdk -key hwid -value "1517385510714" -context "sdk\\\\bsp/1517385599614"
# webtalk_add_data -client sdk -key os -value "standalone" -context "sdk\\\\bsp/1517385599614"
# webtalk_add_data -client sdk -key apptemplate -value "hello_world" -context "sdk\\\\bsp/1517385599614"
# webtalk_add_data -client sdk -key uid -value "1517385610731" -context "sdk\\\\application/1517385610731"
# webtalk_add_data -client sdk -key hwid -value "1517385510714" -context "sdk\\\\application/1517385610731"
# webtalk_add_data -client sdk -key bspid -value "1517385599614" -context "sdk\\\\application/1517385610731"
# webtalk_add_data -client sdk -key newbsp -value "true" -context "sdk\\\\application/1517385610731"
# webtalk_add_data -client sdk -key os -value "standalone" -context "sdk\\\\application/1517385610731"
# webtalk_add_data -client sdk -key apptemplate -value "hello_world" -context "sdk\\\\application/1517385610731"
# webtalk_add_data -client sdk -key uid -value "1517397764609" -context "sdk\\\\bsp/1517397764609"
# webtalk_add_data -client sdk -key hwid -value "1517385510714" -context "sdk\\\\bsp/1517397764609"
# webtalk_add_data -client sdk -key os -value "standalone" -context "sdk\\\\bsp/1517397764609"
# webtalk_add_data -client sdk -key apptemplate -value "hello_world" -context "sdk\\\\bsp/1517397764609"
# webtalk_add_data -client sdk -key uid -value "1517397776447" -context "sdk\\\\application/1517397776447"
# webtalk_add_data -client sdk -key hwid -value "1517385510714" -context "sdk\\\\application/1517397776447"
# webtalk_add_data -client sdk -key bspid -value "1517397764609" -context "sdk\\\\application/1517397776447"
# webtalk_add_data -client sdk -key newbsp -value "true" -context "sdk\\\\application/1517397776447"
# webtalk_add_data -client sdk -key os -value "standalone" -context "sdk\\\\application/1517397776447"
# webtalk_add_data -client sdk -key apptemplate -value "hello_world" -context "sdk\\\\application/1517397776447"
# webtalk_transmit -clientid 3263254226 -regid "" -xml J:\\CDMA_BRAM\\CDMA_DBRAM_DRAM\\CDMA_BRAM\\CDMA_BRAM.sdk\\webtalk\\usage_statistics_ext_sdk.xml -html J:\\CDMA_BRAM\\CDMA_DBRAM_DRAM\\CDMA_BRAM\\CDMA_BRAM.sdk\\webtalk\\usage_statistics_ext_sdk.html -wdm J:\\CDMA_BRAM\\CDMA_DBRAM_DRAM\\CDMA_BRAM\\CDMA_BRAM.sdk\\webtalk\\sdk_webtalk.wdm -intro "<H3>SDK Usage Report</H3><BR>"
# webtalk_terminate
INFO: [Common 17-206] Exiting Webtalk at Wed Jan 31 21:07:35 2018...
