#-----------------------------------------------------------
# Webtalk v2016.2 (64-bit)
# SW Build 1577090 on Thu Jun  2 16:32:40 MDT 2016
# 
# Start of session at: Tue Jan 23 12:01:54 2018
# Process ID: 6392
# Current directory: J:/CDMA_BRAM/CDMA_BRAM/CDMA_BRAM.sdk/webtalk
# Command line: wbtcv.exe -mode batch -source sdk_webtalk.tcl
# Log file: J:/CDMA_BRAM/CDMA_BRAM/CDMA_BRAM.sdk/webtalk/webtalk.log
# Journal file: J:/CDMA_BRAM/CDMA_BRAM/CDMA_BRAM.sdk/webtalk\webtalk.jou
#-----------------------------------------------------------
source sdk_webtalk.tcl
# webtalk_init -webtalk_dir J:\\CDMA_BRAM\\CDMA_BRAM\\CDMA_BRAM.sdk\\webtalk
# webtalk_register_client -client project
# webtalk_add_data -client project -key date_generated -value "星期二 一月 23 12:01:51 2018" -context "software_version_and_target_device"
# webtalk_add_data -client project -key product_version -value "SDK v2016.2" -context "software_version_and_target_device"
# webtalk_add_data -client project -key build_version -value "2016.2" -context "software_version_and_target_device"
# webtalk_add_data -client project -key os_platform -value "amd64" -context "software_version_and_target_device"
# webtalk_add_data -client project -key registration_id -value "" -context "software_version_and_target_device"
# webtalk_add_data -client project -key tool_flow -value "SDK" -context "software_version_and_target_device"
# webtalk_add_data -client project -key beta -value "false" -context "software_version_and_target_device"
# webtalk_add_data -client project -key route_design -value "NA" -context "software_version_and_target_device"
# webtalk_add_data -client project -key target_family -value "NA" -context "software_version_and_target_device"
# webtalk_add_data -client project -key target_device -value "NA" -context "software_version_and_target_device"
# webtalk_add_data -client project -key target_package -value "NA" -context "software_version_and_target_device"
# webtalk_add_data -client project -key target_speed -value "NA" -context "software_version_and_target_device"
# webtalk_add_data -client project -key random_id -value "am8vt99j86jje3d4i76qo82jj6" -context "software_version_and_target_device"
# webtalk_add_data -client project -key project_id -value "2016.2_13" -context "software_version_and_target_device"
# webtalk_add_data -client project -key project_iteration -value "13" -context "software_version_and_target_device"
# webtalk_add_data -client project -key os_name -value "" -context "user_environment"
# webtalk_add_data -client project -key os_release -value "" -context "user_environment"
# webtalk_add_data -client project -key cpu_name -value "" -context "user_environment"
# webtalk_add_data -client project -key cpu_speed -value "" -context "user_environment"
# webtalk_add_data -client project -key total_processors -value "" -context "user_environment"
# webtalk_add_data -client project -key system_ram -value "" -context "user_environment"
# webtalk_register_client -client sdk
# webtalk_add_data -client sdk -key uid -value "1516670065468" -context "sdk\\\\bsp/1516670065468"
# webtalk_add_data -client sdk -key hwid -value "1516605804921" -context "sdk\\\\bsp/1516670065468"
# webtalk_add_data -client sdk -key os -value "standalone" -context "sdk\\\\bsp/1516670065468"
# webtalk_add_data -client sdk -key apptemplate -value "hello_world" -context "sdk\\\\bsp/1516670065468"
# webtalk_add_data -client sdk -key uid -value "1516670069075" -context "sdk\\\\application/1516670069075"
# webtalk_add_data -client sdk -key hwid -value "1516605804921" -context "sdk\\\\application/1516670069075"
# webtalk_add_data -client sdk -key bspid -value "1516670065468" -context "sdk\\\\application/1516670069075"
# webtalk_add_data -client sdk -key newbsp -value "true" -context "sdk\\\\application/1516670069075"
# webtalk_add_data -client sdk -key os -value "standalone" -context "sdk\\\\application/1516670069075"
# webtalk_add_data -client sdk -key apptemplate -value "hello_world" -context "sdk\\\\application/1516670069075"
# webtalk_transmit -clientid 1443814299 -regid "" -xml J:\\CDMA_BRAM\\CDMA_BRAM\\CDMA_BRAM.sdk\\webtalk\\usage_statistics_ext_sdk.xml -html J:\\CDMA_BRAM\\CDMA_BRAM\\CDMA_BRAM.sdk\\webtalk\\usage_statistics_ext_sdk.html -wdm J:\\CDMA_BRAM\\CDMA_BRAM\\CDMA_BRAM.sdk\\webtalk\\sdk_webtalk.wdm -intro "<H3>SDK Usage Report</H3><BR>"
# webtalk_terminate
INFO: [Common 17-206] Exiting Webtalk at Tue Jan 23 12:02:28 2018...
